app/build/intermediates/manifest_merge_blame_file/debug/manifest-merger-blame-debug-report.txt
1<?xml version="1.0" encoding="utf-8"?>
2<manifest xmlns:android="http://schemas.android.com/apk/res/android"
3    package="com.youdu"
4    android:versionCode="1"
5    android:versionName="1.0.0" >
6
7    <uses-sdk
8        android:minSdkVersion="21"
8-->src\main\AndroidManifest.xml
9        android:targetSdkVersion="33" />
9-->src\main\AndroidManifest.xml
10
11    <uses-permission android:name="android.permission.INTERNET" />
11-->src\main\AndroidManifest.xml:5:5-67
11-->src\main\AndroidManifest.xml:5:22-64
12    <uses-permission android:name="android.permission.ACCESS_WIFI_STATE" />
12-->src\main\AndroidManifest.xml:6:5-76
12-->src\main\AndroidManifest.xml:6:22-73
13    <uses-permission android:name="android.permission.ACCESS_NETWORK_STATE" />
13-->src\main\AndroidManifest.xml:7:5-79
13-->src\main\AndroidManifest.xml:7:22-76
14    <uses-permission android:name="android.permission.READ_EXTERNAL_STORAGE" />
14-->src\main\AndroidManifest.xml:8:5-80
14-->src\main\AndroidManifest.xml:8:22-77
15    <uses-permission android:name="android.permission.WRITE_EXTERNAL_STORAGE" />
15-->src\main\AndroidManifest.xml:9:5-81
15-->src\main\AndroidManifest.xml:9:22-78
16    <uses-permission android:name="android.permission.VIBRATE" />
16-->src\main\AndroidManifest.xml:10:5-66
16-->src\main\AndroidManifest.xml:10:22-63
17    <uses-permission android:name="android.permission.CAMERA" />
17-->src\main\AndroidManifest.xml:11:5-65
17-->src\main\AndroidManifest.xml:11:22-62
18    <uses-permission android:name="android.permission.CHANGE_CONFIGURATION" />
18-->src\main\AndroidManifest.xml:12:5-79
18-->src\main\AndroidManifest.xml:12:22-76
19    <uses-permission android:name="android.permission.WAKE_LOCK" />
19-->src\main\AndroidManifest.xml:13:5-68
19-->src\main\AndroidManifest.xml:13:22-65
20    <uses-permission android:name="android.permission.FLASHLIGHT" />
20-->src\main\AndroidManifest.xml:14:5-69
20-->src\main\AndroidManifest.xml:14:22-66
21
22    <uses-feature android:name="android.hardware.camera" />
22-->src\main\AndroidManifest.xml:16:5-60
22-->src\main\AndroidManifest.xml:16:19-57
23    <uses-feature android:name="android.hardware.camera.autofocus" />
23-->src\main\AndroidManifest.xml:17:5-70
23-->src\main\AndroidManifest.xml:17:19-67
24
25    <!-- shareSDK所需权限 -->
26    <uses-permission android:name="android.permission.GET_TASKS" />
26-->src\main\AndroidManifest.xml:20:5-68
26-->src\main\AndroidManifest.xml:20:22-65
27    <uses-permission android:name="android.permission.INTERNET" />
27-->src\main\AndroidManifest.xml:5:5-67
27-->src\main\AndroidManifest.xml:5:22-64
28    <uses-permission android:name="android.permission.ACCESS_WIFI_STATE" />
28-->src\main\AndroidManifest.xml:6:5-76
28-->src\main\AndroidManifest.xml:6:22-73
29    <uses-permission android:name="android.permission.ACCESS_NETWORK_STATE" />
29-->src\main\AndroidManifest.xml:7:5-79
29-->src\main\AndroidManifest.xml:7:22-76
30    <uses-permission android:name="android.permission.CHANGE_WIFI_STATE" />
30-->src\main\AndroidManifest.xml:24:5-76
30-->src\main\AndroidManifest.xml:24:22-73
31    <uses-permission android:name="android.permission.WRITE_EXTERNAL_STORAGE" />
31-->src\main\AndroidManifest.xml:9:5-81
31-->src\main\AndroidManifest.xml:9:22-78
32    <uses-permission android:name="android.permission.READ_PHONE_STATE" />
32-->src\main\AndroidManifest.xml:26:5-75
32-->src\main\AndroidManifest.xml:26:22-72
33    <uses-permission android:name="android.permission.MANAGE_ACCOUNTS" />
33-->src\main\AndroidManifest.xml:27:5-74
33-->src\main\AndroidManifest.xml:27:22-71
34    <uses-permission android:name="android.permission.GET_ACCOUNTS" />
34-->src\main\AndroidManifest.xml:28:5-71
34-->src\main\AndroidManifest.xml:28:22-68
35
36    <!-- JPush permission -->
37    <permission
37-->src\main\AndroidManifest.xml:31:5-33:47
38        android:name="com.youdu.permission.JPUSH_MESSAGE"
38-->src\main\AndroidManifest.xml:32:9-58
39        android:protectionLevel="signature" />
39-->src\main\AndroidManifest.xml:33:9-44
40
41    <uses-permission android:name="com.youdu.permission.JPUSH_MESSAGE" />
41-->src\main\AndroidManifest.xml:35:5-74
41-->src\main\AndroidManifest.xml:35:22-71
42    <uses-permission android:name="android.permission.RECEIVE_USER_PRESENT" />
42-->src\main\AndroidManifest.xml:36:5-79
42-->src\main\AndroidManifest.xml:36:22-76
43    <uses-permission android:name="android.permission.INTERNET" />
43-->src\main\AndroidManifest.xml:5:5-67
43-->src\main\AndroidManifest.xml:5:22-64
44    <uses-permission android:name="android.permission.WAKE_LOCK" />
44-->src\main\AndroidManifest.xml:13:5-68
44-->src\main\AndroidManifest.xml:13:22-65
45    <uses-permission android:name="android.permission.READ_PHONE_STATE" />
45-->src\main\AndroidManifest.xml:26:5-75
45-->src\main\AndroidManifest.xml:26:22-72
46    <uses-permission android:name="android.permission.WRITE_EXTERNAL_STORAGE" />
46-->src\main\AndroidManifest.xml:9:5-81
46-->src\main\AndroidManifest.xml:9:22-78
47    <uses-permission android:name="android.permission.READ_EXTERNAL_STORAGE" />
47-->src\main\AndroidManifest.xml:8:5-80
47-->src\main\AndroidManifest.xml:8:22-77
48    <uses-permission android:name="android.permission.WRITE_SETTINGS" />
48-->src\main\AndroidManifest.xml:42:5-73
48-->src\main\AndroidManifest.xml:42:22-70
49    <uses-permission android:name="android.permission.VIBRATE" />
49-->src\main\AndroidManifest.xml:10:5-66
49-->src\main\AndroidManifest.xml:10:22-63
50    <uses-permission android:name="android.permission.MOUNT_UNMOUNT_FILESYSTEMS" />
50-->src\main\AndroidManifest.xml:44:5-84
50-->src\main\AndroidManifest.xml:44:22-81
51    <uses-permission android:name="android.permission.ACCESS_NETWORK_STATE" />
51-->src\main\AndroidManifest.xml:7:5-79
51-->src\main\AndroidManifest.xml:7:22-76
52    <uses-permission android:name="android.permission.ACCESS_WIFI_STATE" />
52-->src\main\AndroidManifest.xml:6:5-76
52-->src\main\AndroidManifest.xml:6:22-73
53    <uses-permission android:name="android.permission.SYSTEM_ALERT_WINDOW" />
53-->src\main\AndroidManifest.xml:47:5-78
53-->src\main\AndroidManifest.xml:47:22-75
54
55    <!-- nfc权限相关 -->
56    <uses-permission android:name="android.permission.NFC" />
56-->src\main\AndroidManifest.xml:50:5-62
56-->src\main\AndroidManifest.xml:50:22-59
57
58    <uses-feature
58-->src\main\AndroidManifest.xml:52:5-54:35
59        android:name="android.hardware.nfc"
59-->src\main\AndroidManifest.xml:53:9-44
60        android:required="true" />
60-->src\main\AndroidManifest.xml:54:9-32
61
62    <!-- 启动 -->
63    <uses-permission android:name="android.permission.RECEIVE_BOOT_COMPLETED" />
63-->[:lib_pullalive] AndroidManifest.xml:8:5-81
63-->[:lib_pullalive] AndroidManifest.xml:8:22-78
64    <uses-permission android:name="android.permission.AUTHENTICATE_ACCOUNTS" />
64-->[:lib_pullalive] AndroidManifest.xml:9:5-80
64-->[:lib_pullalive] AndroidManifest.xml:9:22-77
65    <uses-permission android:name="android.permission.READ_SYNC_SETTINGS" />
65-->[:lib_pullalive] AndroidManifest.xml:13:5-77
65-->[:lib_pullalive] AndroidManifest.xml:13:22-74
66    <uses-permission android:name="android.permission.WRITE_SYNC_SETTINGS" />
66-->[:lib_pullalive] AndroidManifest.xml:14:5-78
66-->[:lib_pullalive] AndroidManifest.xml:14:22-75
67    <uses-permission android:name="android.permission.POST_NOTIFICATIONS" /> <!-- 华为角标 -->
67-->[cn.jiguang.sdk:jpush:5.0.7] AndroidManifest.xml:18:5-77
67-->[cn.jiguang.sdk:jpush:5.0.7] AndroidManifest.xml:18:22-74
68    <uses-permission android:name="com.huawei.android.launcher.permission.CHANGE_BADGE" /> <!-- vivo 角标 -->
68-->[cn.jiguang.sdk:jpush:5.0.7] AndroidManifest.xml:20:5-91
68-->[cn.jiguang.sdk:jpush:5.0.7] AndroidManifest.xml:20:22-88
69    <uses-permission android:name="com.vivo.notification.permission.BADGE_ICON" /> <!-- honor 角标 -->
69-->[cn.jiguang.sdk:jpush:5.0.7] AndroidManifest.xml:22:5-83
69-->[cn.jiguang.sdk:jpush:5.0.7] AndroidManifest.xml:22:22-80
70    <uses-permission android:name="com.hihonor.android.launcher.permission.CHANGE_BADGE" /> <!-- Optional. Required for location feature -->
70-->[cn.jiguang.sdk:jpush:5.0.7] AndroidManifest.xml:24:5-92
70-->[cn.jiguang.sdk:jpush:5.0.7] AndroidManifest.xml:24:22-89
71    <uses-permission android:name="android.permission.ACCESS_COARSE_LOCATION" />
71-->[cn.jiguang.sdk:jpush:5.0.7] AndroidManifest.xml:29:5-81
71-->[cn.jiguang.sdk:jpush:5.0.7] AndroidManifest.xml:29:22-78
72    <uses-permission android:name="android.permission.ACCESS_FINE_LOCATION" />
72-->[cn.jiguang.sdk:jpush:5.0.7] AndroidManifest.xml:30:5-79
72-->[cn.jiguang.sdk:jpush:5.0.7] AndroidManifest.xml:30:22-76
73    <uses-permission android:name="android.permission.ACCESS_BACKGROUND_LOCATION" />
73-->[cn.jiguang.sdk:jpush:5.0.7] AndroidManifest.xml:31:5-85
73-->[cn.jiguang.sdk:jpush:5.0.7] AndroidManifest.xml:31:22-82
74    <uses-permission android:name="android.permission.QUERY_ALL_PACKAGES" />
74-->[cn.jiguang.sdk:jpush:5.0.7] AndroidManifest.xml:33:5-77
74-->[cn.jiguang.sdk:jpush:5.0.7] AndroidManifest.xml:33:22-74
75
76    <permission
76-->[cn.jiguang.sdk:joperate:2.0.2] AndroidManifest.xml:11:5-13:47
77        android:name="com.youdu.permission.JOPERATE_MESSAGE"
77-->[cn.jiguang.sdk:joperate:2.0.2] AndroidManifest.xml:12:9-68
78        android:protectionLevel="signature" />
78-->[cn.jiguang.sdk:joperate:2.0.2] AndroidManifest.xml:13:9-44
79
80    <uses-permission android:name="com.youdu.permission.JOPERATE_MESSAGE" />
80-->[cn.jiguang.sdk:joperate:2.0.2] AndroidManifest.xml:15:5-84
80-->[cn.jiguang.sdk:joperate:2.0.2] AndroidManifest.xml:15:22-81
81    <uses-permission android:name="android.permission.BLUETOOTH_ADMIN" />
81-->[cn.jiguang.sdk:joperate:2.0.2] AndroidManifest.xml:26:5-74
81-->[cn.jiguang.sdk:joperate:2.0.2] AndroidManifest.xml:26:22-71
82    <uses-permission android:name="android.permission.BLUETOOTH" />
82-->[cn.jiguang.sdk:joperate:2.0.2] AndroidManifest.xml:27:5-68
82-->[cn.jiguang.sdk:joperate:2.0.2] AndroidManifest.xml:27:22-65
83
84    <application
84-->src\main\AndroidManifest.xml:56:5-257:19
85        android:name="com.youdu.application.ImoocApplication"
85-->src\main\AndroidManifest.xml:57:9-62
86        android:allowBackup="true"
86-->src\main\AndroidManifest.xml:58:9-35
87        android:appComponentFactory="androidx.core.app.CoreComponentFactory"
87-->[androidx.core:core:1.0.0] AndroidManifest.xml:22:18-86
88        android:debuggable="true"
89        android:icon="@mipmap/ic_launcher"
89-->src\main\AndroidManifest.xml:59:9-43
90        android:label="@string/app_name"
90-->src\main\AndroidManifest.xml:60:9-41
91        android:testOnly="true"
92        android:theme="@style/AppTheme" >
92-->src\main\AndroidManifest.xml:61:9-40
93        <activity
93-->src\main\AndroidManifest.xml:62:9-73:20
94            android:name="com.youdu.activity.LoadingActivity"
94-->src\main\AndroidManifest.xml:63:13-53
95            android:exported="true"
95-->src\main\AndroidManifest.xml:64:13-36
96            android:screenOrientation="portrait"
96-->src\main\AndroidManifest.xml:65:13-49
97            android:theme="@style/SplashTheme"
97-->src\main\AndroidManifest.xml:66:13-47
98            android:windowSoftInputMode="adjustPan|stateHidden" >
98-->src\main\AndroidManifest.xml:67:13-64
99            <intent-filter>
99-->src\main\AndroidManifest.xml:68:13-72:29
100                <action android:name="android.intent.action.MAIN" />
100-->src\main\AndroidManifest.xml:69:17-69
100-->src\main\AndroidManifest.xml:69:25-66
101
102                <category android:name="android.intent.category.LAUNCHER" />
102-->src\main\AndroidManifest.xml:71:17-77
102-->src\main\AndroidManifest.xml:71:27-74
103            </intent-filter>
104        </activity>
105        <activity
105-->src\main\AndroidManifest.xml:74:9-78:67
106            android:name="com.youdu.activity.GuideActivity"
106-->src\main\AndroidManifest.xml:75:13-51
107            android:exported="false"
107-->src\main\AndroidManifest.xml:76:13-37
108            android:screenOrientation="portrait"
108-->src\main\AndroidManifest.xml:77:13-49
109            android:windowSoftInputMode="adjustPan|stateHidden" />
109-->src\main\AndroidManifest.xml:78:13-64
110        <activity
110-->src\main\AndroidManifest.xml:79:9-84:67
111            android:name="com.youdu.activity.HomeActivity"
111-->src\main\AndroidManifest.xml:80:13-50
112            android:exported="false"
112-->src\main\AndroidManifest.xml:81:13-37
113            android:launchMode="singleTask"
113-->src\main\AndroidManifest.xml:82:13-44
114            android:screenOrientation="portrait"
114-->src\main\AndroidManifest.xml:83:13-49
115            android:windowSoftInputMode="adjustPan|stateHidden" />
115-->src\main\AndroidManifest.xml:84:13-64
116        <activity
116-->src\main\AndroidManifest.xml:85:9-88:62
117            android:name="com.youdu.activity.SettingActivity"
117-->src\main\AndroidManifest.xml:86:13-53
118            android:exported="false"
118-->src\main\AndroidManifest.xml:87:13-37
119            android:label="@string/title_activity_setting" />
119-->src\main\AndroidManifest.xml:88:13-59
120        <activity
120-->src\main\AndroidManifest.xml:89:9-92:52
121            android:name="com.youdu.activity.SearchActivity"
121-->src\main\AndroidManifest.xml:90:13-52
122            android:exported="false"
122-->src\main\AndroidManifest.xml:91:13-37
123            android:screenOrientation="portrait" />
123-->src\main\AndroidManifest.xml:92:13-49
124        <activity
124-->src\main\AndroidManifest.xml:93:9-97:67
125            android:name="com.youdu.activity.LoginActivity"
125-->src\main\AndroidManifest.xml:94:13-51
126            android:exported="false"
126-->src\main\AndroidManifest.xml:95:13-37
127            android:screenOrientation="portrait"
127-->src\main\AndroidManifest.xml:96:13-49
128            android:windowSoftInputMode="adjustPan|stateHidden" />
128-->src\main\AndroidManifest.xml:97:13-64
129        <activity
129-->src\main\AndroidManifest.xml:98:9-101:52
130            android:name="com.youdu.activity.PhotoViewActivity"
130-->src\main\AndroidManifest.xml:99:13-55
131            android:exported="false"
131-->src\main\AndroidManifest.xml:100:13-37
132            android:screenOrientation="portrait" />
132-->src\main\AndroidManifest.xml:101:13-49
133        <activity
133-->src\main\AndroidManifest.xml:102:9-105:52
134            android:name="com.youdu.activity.MessageActivity"
134-->src\main\AndroidManifest.xml:103:13-53
135            android:exported="false"
135-->src\main\AndroidManifest.xml:104:13-37
136            android:screenOrientation="portrait" />
136-->src\main\AndroidManifest.xml:105:13-49
137        <activity
137-->src\main\AndroidManifest.xml:106:9-110:52
138            android:name="com.youdu.activity.CourseDetailActivity"
138-->src\main\AndroidManifest.xml:107:13-58
139            android:exported="false"
139-->src\main\AndroidManifest.xml:108:13-37
140            android:launchMode="singleTop"
140-->src\main\AndroidManifest.xml:109:13-43
141            android:screenOrientation="portrait" />
141-->src\main\AndroidManifest.xml:110:13-49
142        <!-- 本地产品更新列表服务 -->
143        <service
143-->src\main\AndroidManifest.xml:112:9-114:40
144            android:name="com.youdu.service.UpdateProductService"
144-->src\main\AndroidManifest.xml:113:13-57
145            android:exported="false" />
145-->src\main\AndroidManifest.xml:114:13-37
146        <service
146-->src\main\AndroidManifest.xml:115:9-117:40
147            android:name="com.youdu.network.mina.MinaService"
147-->src\main\AndroidManifest.xml:116:13-53
148            android:exported="false" />
148-->src\main\AndroidManifest.xml:117:13-37
149        <service
149-->src\main\AndroidManifest.xml:118:9-120:40
150            android:name="com.youdu.service.update.UpdateService"
150-->src\main\AndroidManifest.xml:119:13-57
151            android:exported="false" />
151-->src\main\AndroidManifest.xml:120:13-37
152
153        <!-- 热修复后台服务 -->
154        <service
154-->src\main\AndroidManifest.xml:123:9-126:40
155            android:name="com.youdu.service.andfix.AndFixService"
155-->src\main\AndroidManifest.xml:124:13-57
156            android:enabled="true"
156-->src\main\AndroidManifest.xml:125:13-35
157            android:exported="false" />
157-->src\main\AndroidManifest.xml:126:13-37
158
159        <!-- Tinker的服务 -->
160        <service
160-->src\main\AndroidManifest.xml:129:9-132:40
161            android:name="com.youdu.tinker.CustomResultService"
161-->src\main\AndroidManifest.xml:130:13-55
162            android:enabled="true"
162-->src\main\AndroidManifest.xml:131:13-35
163            android:exported="false" />
163-->src\main\AndroidManifest.xml:132:13-37
164
165        <!-- 监听系统状态栏变化通知 -->
166        <service
166-->src\main\AndroidManifest.xml:135:9-143:19
167            android:name="com.youdu.service.notification.CommonNotificationListenerService"
167-->src\main\AndroidManifest.xml:136:13-83
168            android:exported="true"
168-->src\main\AndroidManifest.xml:137:13-36
169            android:label="@string/app_name"
169-->src\main\AndroidManifest.xml:138:13-45
170            android:permission="android.permission.BIND_NOTIFICATION_LISTENER_SERVICE" >
170-->src\main\AndroidManifest.xml:139:13-87
171            <intent-filter>
171-->src\main\AndroidManifest.xml:140:13-142:29
172                <action android:name="android.service.notification.NotificationListenerService" />
172-->src\main\AndroidManifest.xml:141:17-99
172-->src\main\AndroidManifest.xml:141:25-96
173            </intent-filter>
174        </service>
175        <service
175-->src\main\AndroidManifest.xml:145:9-156:19
176            android:name="com.youdu.service.notification.WeChatAccessibilityService"
176-->src\main\AndroidManifest.xml:146:13-76
177            android:exported="true"
177-->src\main\AndroidManifest.xml:147:13-36
178            android:label="@string/app_name"
178-->src\main\AndroidManifest.xml:148:13-45
179            android:permission="android.permission.BIND_ACCESSIBILITY_SERVICE" >
179-->src\main\AndroidManifest.xml:149:13-79
180            <intent-filter>
180-->src\main\AndroidManifest.xml:150:13-152:29
181                <action android:name="android.accessibilityservice.AccessibilityService" />
181-->src\main\AndroidManifest.xml:151:17-92
181-->src\main\AndroidManifest.xml:151:25-89
182            </intent-filter>
183
184            <meta-data
184-->src\main\AndroidManifest.xml:153:13-155:69
185                android:name="android.accessibilityservice"
185-->src\main\AndroidManifest.xml:154:17-60
186                android:resource="@xml/accessible_service_config" />
186-->src\main\AndroidManifest.xml:155:17-66
187        </service>
188
189        <!-- 二维码相关 -->
190        <activity
190-->src\main\AndroidManifest.xml:160:9-165:63
191            android:name="com.youdu.zxing.app.CaptureActivity"
191-->src\main\AndroidManifest.xml:161:13-54
192            android:configChanges="orientation|keyboardHidden"
192-->src\main\AndroidManifest.xml:162:13-63
193            android:exported="false"
193-->src\main\AndroidManifest.xml:163:13-37
194            android:screenOrientation="portrait"
194-->src\main\AndroidManifest.xml:164:13-49
195            android:windowSoftInputMode="stateAlwaysHidden" />
195-->src\main\AndroidManifest.xml:165:13-60
196
197        <!-- shareSDK -->
198        <activity
198-->src\main\AndroidManifest.xml:168:9-185:20
199            android:name="com.mob.tools.MobUIShell"
199-->src\main\AndroidManifest.xml:169:13-52
200            android:configChanges="keyboardHidden|orientation|screenSize"
200-->src\main\AndroidManifest.xml:170:13-74
201            android:exported="true"
201-->src\main\AndroidManifest.xml:171:13-36
202            android:screenOrientation="portrait"
202-->src\main\AndroidManifest.xml:172:13-49
203            android:theme="@android:style/Theme.Translucent.NoTitleBar"
203-->src\main\AndroidManifest.xml:173:13-72
204            android:windowSoftInputMode="stateHidden|adjustResize" >
204-->src\main\AndroidManifest.xml:174:13-67
205
206            <!-- QQ和QQ空间分享 QQ登录的回调必须要配置的 -->
207            <intent-filter>
207-->src\main\AndroidManifest.xml:177:13-184:29
208                <data android:scheme="tencent1104917113" />
208-->src\main\AndroidManifest.xml:178:17-60
208-->src\main\AndroidManifest.xml:178:23-57
209
210                <action android:name="android.intent.action.VIEW" />
210-->src\main\AndroidManifest.xml:180:17-69
210-->src\main\AndroidManifest.xml:180:25-66
211
212                <category android:name="android.intent.category.BROWSABLE" />
212-->src\main\AndroidManifest.xml:182:17-78
212-->src\main\AndroidManifest.xml:182:27-75
213                <category android:name="android.intent.category.DEFAULT" />
213-->src\main\AndroidManifest.xml:183:17-76
213-->src\main\AndroidManifest.xml:183:27-73
214            </intent-filter>
215        </activity>
216        <!-- 微信分享回调 -->
217        <activity
217-->src\main\AndroidManifest.xml:187:9-192:75
218            android:name="com.youdu.wxapi.WXEntryActivity"
218-->src\main\AndroidManifest.xml:188:13-50
219            android:configChanges="keyboardHidden|orientation|screenSize"
219-->src\main\AndroidManifest.xml:189:13-74
220            android:exported="true"
220-->src\main\AndroidManifest.xml:190:13-36
221            android:screenOrientation="portrait"
221-->src\main\AndroidManifest.xml:191:13-49
222            android:theme="@android:style/Theme.Translucent.NoTitleBar" />
222-->src\main\AndroidManifest.xml:192:13-72
223
224        <!-- nfc相关 -->
225        <activity
225-->src\main\AndroidManifest.xml:195:9-214:20
226            android:name="com.youdu.nfc.NFCard"
226-->src\main\AndroidManifest.xml:196:13-39
227            android:exported="true"
227-->src\main\AndroidManifest.xml:197:13-36
228            android:launchMode="singleTask"
228-->src\main\AndroidManifest.xml:198:13-44
229            android:screenOrientation="portrait"
229-->src\main\AndroidManifest.xml:199:13-49
230            android:windowSoftInputMode="adjustUnspecified|stateAlwaysHidden" >
230-->src\main\AndroidManifest.xml:200:13-78
231            <intent-filter>
231-->src\main\AndroidManifest.xml:201:13-203:29
232                <action android:name="android.nfc.action.TECH_DISCOVERED" />
232-->src\main\AndroidManifest.xml:202:17-77
232-->src\main\AndroidManifest.xml:202:25-74
233            </intent-filter>
234
235            <meta-data
235-->src\main\AndroidManifest.xml:205:13-207:59
236                android:name="android.nfc.action.TECH_DISCOVERED"
236-->src\main\AndroidManifest.xml:206:17-66
237                android:resource="@xml/nfc_tech_filter" />
237-->src\main\AndroidManifest.xml:207:17-56
238
239            <intent-filter>
239-->src\main\AndroidManifest.xml:209:13-213:29
240                <action android:name="android.nfc.action.TAG_DISCOVERED" />
240-->src\main\AndroidManifest.xml:210:17-76
240-->src\main\AndroidManifest.xml:210:25-73
241
242                <category android:name="android.intent.category.DEFAULT" />
242-->src\main\AndroidManifest.xml:183:17-76
242-->src\main\AndroidManifest.xml:183:27-73
243            </intent-filter>
244        </activity>
245        <activity
245-->src\main\AndroidManifest.xml:216:9-219:40
246            android:name="com.youdu.ar.ArActivity"
246-->src\main\AndroidManifest.xml:217:13-42
247            android:configChanges="orientation|keyboardHidden|screenSize|smallestScreenSize"
247-->src\main\AndroidManifest.xml:218:13-93
248            android:exported="false" />
248-->src\main\AndroidManifest.xml:219:13-37
249
250        <!-- 推送模块自定义部分 -->
251        <activity
251-->src\main\AndroidManifest.xml:222:9-224:40
252            android:name="com.youdu.jpush.PushMessageActivity"
252-->src\main\AndroidManifest.xml:223:13-54
253            android:exported="false" />
253-->src\main\AndroidManifest.xml:224:13-37
254
255        <receiver
255-->src\main\AndroidManifest.xml:226:9-241:20
256            android:name="com.youdu.jpush.JPushReceiver"
256-->src\main\AndroidManifest.xml:227:13-48
257            android:enabled="true"
257-->src\main\AndroidManifest.xml:228:13-35
258            android:exported="false" >
258-->src\main\AndroidManifest.xml:229:13-37
259            <intent-filter>
259-->src\main\AndroidManifest.xml:230:13-240:29
260                <action android:name="cn.jpush.android.intent.REGISTRATION" />
260-->src\main\AndroidManifest.xml:231:17-79
260-->src\main\AndroidManifest.xml:231:25-76
261                <action android:name="cn.jpush.android.intent.UNREGISTRATION" />
261-->src\main\AndroidManifest.xml:232:17-81
261-->src\main\AndroidManifest.xml:232:25-78
262                <action android:name="cn.jpush.android.intent.MESSAGE_RECEIVED" />
262-->src\main\AndroidManifest.xml:233:17-83
262-->src\main\AndroidManifest.xml:233:25-80
263                <action android:name="cn.jpush.android.intent.NOTIFICATION_RECEIVED" />
263-->src\main\AndroidManifest.xml:234:17-88
263-->src\main\AndroidManifest.xml:234:25-85
264                <action android:name="cn.jpush.android.intent.NOTIFICATION_OPENED" />
264-->src\main\AndroidManifest.xml:235:17-86
264-->src\main\AndroidManifest.xml:235:25-83
265                <action android:name="cn.jpush.android.intent.ACTION_RICHPUSH_CALLBACK" />
265-->src\main\AndroidManifest.xml:236:17-91
265-->src\main\AndroidManifest.xml:236:25-88
266                <action android:name="cn.jpush.android.intent.CONNECTION" />
266-->src\main\AndroidManifest.xml:237:17-77
266-->src\main\AndroidManifest.xml:237:25-74
267
268                <category android:name="com.youdu" />
268-->src\main\AndroidManifest.xml:239:17-54
268-->src\main\AndroidManifest.xml:239:27-51
269            </intent-filter>
270        </receiver>
271
272        <!-- 友盟统计相关meta-data -->
273        <meta-data
273-->src\main\AndroidManifest.xml:244:9-246:56
274            android:name="UMENG_APPKEY"
274-->src\main\AndroidManifest.xml:245:13-40
275            android:value="57bfe3cbe0f55a0b2e0025b8" />
275-->src\main\AndroidManifest.xml:246:13-53
276        <meta-data
277            android:name="UMENG_CHANNEL"
277-->src\main\AndroidManifest.xml:248:13-41
278            android:value="imooc" />
278-->src\main\AndroidManifest.xml:249:13-51
279        <meta-data
279-->src\main\AndroidManifest.xml:250:9-252:52
280            android:name="IFLYTEK_APPKEY"
280-->src\main\AndroidManifest.xml:251:13-42
281            android:value="&apos;57c432ae&apos;" />
281-->src\main\AndroidManifest.xml:252:13-49
282        <meta-data
282-->src\main\AndroidManifest.xml:253:9-255:44
283            android:name="IFLYTEK_CHANNEL"
283-->src\main\AndroidManifest.xml:254:13-43
284            android:value="Android_Demo" />
284-->src\main\AndroidManifest.xml:255:13-41
285
286        <activity android:name="com.youdu.activity.AdBrowserActivity" />
286-->[:vuandroidadsdk] AndroidManifest.xml:10:9-73
286-->[:vuandroidadsdk] AndroidManifest.xml:10:19-70
287
288        <service
288-->[:lib_pullalive] AndroidManifest.xml:17:9-27:19
289            android:name="com.lianjia.pullalive.accountsync.AuthenticationService"
289-->[:lib_pullalive] AndroidManifest.xml:18:13-83
290            android:exported="false" >
290-->[:lib_pullalive] AndroidManifest.xml:19:13-37
291            <intent-filter>
291-->[:lib_pullalive] AndroidManifest.xml:20:13-22:29
292                <action android:name="android.accounts.AccountAuthenticator" />
292-->[:lib_pullalive] AndroidManifest.xml:21:17-80
292-->[:lib_pullalive] AndroidManifest.xml:21:25-77
293            </intent-filter>
294
295            <meta-data
295-->[:lib_pullalive] AndroidManifest.xml:24:13-26:57
296                android:name="android.accounts.AccountAuthenticator"
296-->[:lib_pullalive] AndroidManifest.xml:25:17-69
297                android:resource="@xml/authenticator" />
297-->[:lib_pullalive] AndroidManifest.xml:26:17-54
298        </service>
299        <service
299-->[:lib_pullalive] AndroidManifest.xml:28:9-39:19
300            android:name="com.lianjia.pullalive.accountsync.SyncService"
300-->[:lib_pullalive] AndroidManifest.xml:29:13-73
301            android:exported="false"
301-->[:lib_pullalive] AndroidManifest.xml:30:13-37
302            android:label="@string/app_name_pullalive" >
302-->[:lib_pullalive] AndroidManifest.xml:31:13-55
303            <intent-filter>
303-->[:lib_pullalive] AndroidManifest.xml:32:13-34:29
304                <action android:name="android.content.SyncAdapter" />
304-->[:lib_pullalive] AndroidManifest.xml:33:17-70
304-->[:lib_pullalive] AndroidManifest.xml:33:25-67
305            </intent-filter>
306
307            <meta-data
307-->[:lib_pullalive] AndroidManifest.xml:36:13-38:55
308                android:name="android.content.SyncAdapter"
308-->[:lib_pullalive] AndroidManifest.xml:37:17-59
309                android:resource="@xml/syncadapter" />
309-->[:lib_pullalive] AndroidManifest.xml:38:17-52
310        </service>
311
312        <provider
312-->[:lib_pullalive] AndroidManifest.xml:41:9-46:39
313            android:name="com.lianjia.pullalive.accountsync.SyncProvider"
313-->[:lib_pullalive] AndroidManifest.xml:42:13-74
314            android:authorities="com.youdu.accountsync.syncprovider"
314-->[:lib_pullalive] AndroidManifest.xml:43:13-69
315            android:exported="false"
315-->[:lib_pullalive] AndroidManifest.xml:44:13-37
316            android:label="@string/app_name_pullalive"
316-->[:lib_pullalive] AndroidManifest.xml:45:13-55
317            android:syncable="true" />
317-->[:lib_pullalive] AndroidManifest.xml:46:13-36
318
319        <service
319-->[:lib_pullalive] AndroidManifest.xml:48:9-52:72
320            android:name="com.lianjia.pullalive.jobscheduler.PLJobService"
320-->[:lib_pullalive] AndroidManifest.xml:49:13-75
321            android:enabled="false"
321-->[:lib_pullalive] AndroidManifest.xml:50:13-36
322            android:exported="false"